140 1421 838 0 0 0 0 0 0 0 0 0 0 0 0
74 663 969 0 0 0 0 0 0 0 0 0 0 0 0
140 6405 826 0 0 0 0 0 0 0 0 0 0 0 0
126 900 1224 0 0 0 0 0 0 0 0 0 0 0 0
139 2463 2784 0 0 0 5 0 0 0 0 0 0 0 0
120 896 576 0 2 0 0 0 0 0 2 0 0 0 0
50 721 327 1 0 0 0 0 0 1 0 0 0 0 0
169 2373 3676 0 0 0 0 0 0 0 0 0 0 0 0
193 3003 4861 0 0 0 0 0 0 0 0 0 0 0 0
139 1253 2606 0 0 2 0 0 0 0 0 0 0 0 0
142 6107 6738 0 0 0 0 0 0 0 0 0 0 0 0
111 2639 3441 0 0 0 0 0 0 0 0 0 0 0 0
114 938 1864 0 51 0 0 0 43 0 8 0 0 0 0
152 2942 3477 0 0 0 0 0 0 0 0 0 0 0 0
110 9198 9481 0 0 0 0 0 0 0 0 0 0 0 0
741 29359 8324 1 1 0 0 0 0 1 1 0 0 0 0
347 5554 18840 0 0 0 0 0 0 0 0 0 0 0 0
85 2064 3984 0 0 0 0 0 0 0 0 0 0 0 0
2698 352424 4921 0 2 0 0 0 0 0 2 0 0 0 0
238 15013 9391 0 0 0 0 0 0 0 0 0 0 0 0
2214 18640 235794 0 0 0 0 0 0 0 0 0 0 0 0
1908 223276 10202 0 1 0 0 0 0 0 1 0 0 0 0
129 1270 2710 4 0 0 0 3 0 1 0 0 0 0 0
603 13108 54566 0 0 0 0 0 0 0 0 0 0 0 0
1075 52853 57322 0 0 0 0 0 0 0 0 0 0 0 0
255 14744 5937 0 4 0 0 0 0 0 4 0 0 0 0
743 52004 3172 0 0 0 0 0 0 0 0 0 0 0 0
331 4697 32976 2 0 0 0 2 0 0 0 2 0 2 0
1744 66498 99272 0 2 0 0 0 0 0 2 0 0 0 0
128 4132 5416 0 1 0 0 0 0 0 1 0 0 0 0
4125 149975 261383 0 63 0 0 0 63 0 0 0 0 0 0
360 4502 21923 0 0 0 0 0 0 0 0 0 0 0 0
318 1428 14621 0 0 0 0 0 0 0 0 0 0 0 0
1327 2343 140893 0 1 0 0 0 0 0 1 0 0 0 0
1642 140366 46602 0 3 3 0 0 0 0 3 0 0 0 0
926 12545 48058 5 10 2 0 4 6 1 4 0 0 0 0
1039 2673 111851 0 1 0 0 0 0 0 1 0 0 0 0
155 1910 11898 2 14 0 0 0 0 2 14 0 0 0 0
