16056 580 365 215 0
14812 642 431 211 0
13316 598 403 195 0
13304 599 403 196 0
13493 599 403 196 0
13492 599 403 196 0
13268 600 403 197 0
12978 599 403 196 0
12979 599 403 196 0
12544 524 335 189 0
12370 523 335 188 0
12081 524 335 189 0
14699 642 431 211 0
12549 524 335 189 0
10141 421 298 123 0
10125 422 299 123 0
10094 422 299 123 0
11759 519 329 190 0
11740 519 329 190 0
11837 508 322 186 0
11657 518 329 189 0
11778 507 321 186 0
11626 506 321 185 0
11726 506 323 183 0
11726 506 323 183 0
11595 505 322 183 0
11143 472 323 149 0
10178 421 298 123 0
12124 524 335 189 0
10028 418 296 122 0
10043 422 299 123 0
