262 1189 3031 0 3 0 0 0 0 0 3 0 0 0 0
125 1038 3780 0 0 0 0 0 0 0 0 0 0 0 0
198 2292 5678 0 0 0 0 0 0 0 0 0 0 0 0
207 1641 5210 0 0 0 0 0 0 0 0 0 0 0 0
867 1092 3119 0 0 0 0 0 0 0 0 0 0 0 0
224 2755 3354 1 42 0 0 1 8 0 34 0 0 0 0
369 3494 4724 0 27 0 11 0 11 0 16 0 0 0 0
66 329 869 0 0 0 0 0 0 0 0 0 0 0 0
237 1947 2438 0 0 0 0 0 0 0 0 0 0 0 0
173 2674 1105 0 0 0 0 0 0 0 0 0 0 0 0
74 979 2882 0 0 1 0 0 0 0 0 0 0 0 0
271 2504 4510 1 5 0 0 0 0 1 5 0 0 0 0
459 3740 3285 0 0 0 0 0 0 0 0 0 0 0 0
189 3569 5037 0 2 0 0 0 1 0 1 0 0 0 0
225 1126 1877 0 0 0 0 0 0 0 0 0 0 0 0
219 1271 4111 0 0 0 0 0 0 0 0 0 0 0 0
143 1710 2803 0 1 0 0 0 1 0 0 0 0 0 0
241 1450 4387 0 0 0 0 0 0 0 0 0 0 0 0
1192 41134 29398 6 14 1 0 0 0 6 14 0 0 0 0
851 21333 14242 1 16 1 0 0 0 1 16 0 0 0 0
231 1810 2829 1 0 0 0 0 0 1 0 0 0 0 0
49 545 477 0 0 0 0 0 0 0 0 0 0 0 0
198 2703 3618 2 4 0 0 0 0 2 4 0 0 0 0
825 12922 18604 1 10 1 0 0 0 1 10 0 0 0 0
45 415 498 0 0 0 0 0 0 0 0 0 0 0 0
615 14486 10076 0 0 1 0 0 0 0 0 0 0 0 0
74 209 2485 0 0 0 0 0 0 0 0 0 0 0 0
617 10948 14699 1 7 1 0 0 0 1 7 0 0 0 0
557 11575 9919 0 0 1 0 0 0 0 0 0 0 0 0
133 1927 2300 0 0 1 0 0 0 0 0 0 0 0 0
160 1325 2236 0 0 1 0 0 0 0 0 0 0 0 0
222 3540 3163 0 6 0 0 0 0 0 6 0 0 0 0
104 1003 2379 0 0 0 0 0 0 0 0 0 0 0 0
152 1858 2139 0 0 0 0 0 0 0 0 0 0 0 0
146 2041 1586 0 0 0 0 0 0 0 0 0 0 0 0
370 4753 5983 1 1 0 0 0 0 1 1 0 0 0 0
283 1487 1083 1 0 0 0 0 0 1 0 0 0 0 0
94 596 1182 0 0 0 0 0 0 0 0 0 0 0 0
216 2101 2691 0 0 0 0 0 0 0 0 0 0 0 0
156 2442 1533 0 0 0 0 0 0 0 0 0 0 0 0
316 7015 6106 3 0 0 0 2 0 1 0 0 0 0 0
226 6332 886 0 1 0 0 0 0 0 1 0 0 0 0
137 1557 1777 0 67 0 20 0 67 0 0 0 0 0 0
333 3335 5607 1 0 0 0 1 0 0 0 0 0 0 0
232 3761 3433 0 1 0 0 0 0 0 1 0 0 0 0
93 569 922 0 0 0 0 0 0 0 0 0 0 0 0
203 1895 3508 0 0 0 0 0 0 0 0 0 0 0 0
252 2812 6352 0 0 0 0 0 0 0 0 0 0 0 0
349 7527 4417 0 0 0 0 0 0 0 0 0 0 0 0
269 3485 3579 0 0 0 0 0 0 0 0 0 0 0 0
231 1999 2552 1 0 0 0 0 0 1 0 0 0 0 0
184 2027 3889 0 0 0 0 0 0 0 0 0 0 0 0
156 1671 2272 5 6 0 0 2 2 3 4 0 0 0 0
304 3949 5297 0 0 0 0 0 0 0 0 0 0 0 0
155 1717 3415 0 0 0 0 0 0 0 0 0 0 0 0
177 2551 2240 0 0 0 0 0 0 0 0 0 0 0 0
351 8323 6105 0 0 0 0 0 0 0 0 0 0 0 0
130 3382 2602 0 0 0 0 0 0 0 0 0 0 0 0
197 2400 6809 1 0 0 0 0 0 1 0 0 0 0 0
260 1028 4234 0 0 0 0 0 0 0 0 0 0 0 0
91 800 1495 0 0 0 0 0 0 0 0 0 0 0 0
160 1012 1565 0 2 0 0 0 0 0 2 0 0 0 0
135 731 1729 0 0 0 1 0 0 0 0 0 0 0 0
333 2131 4863 0 1 1 0 0 0 0 1 0 0 0 0
236 1868 2849 0 0 0 0 0 0 0 0 0 0 0 0
105 796 1265 0 0 0 0 0 0 0 0 0 0 0 0
198 2064 2592 0 1 0 0 0 0 0 1 0 0 0 0
78 268 1260 0 0 0 0 0 0 0 0 0 0 0 0
113 1452 1634 0 0 0 0 0 0 0 0 0 0 0 0
207 2550 2052 0 0 0 0 0 0 0 0 0 0 0 0
87 779 1032 0 0 0 0 0 0 0 0 0 0 0 0
281 2979 4739 0 44 0 1 0 44 0 0 0 0 0 0
289 4320 4942 0 0 0 0 0 0 0 0 0 0 0 0
165 1850 3339 0 1 0 0 0 0 0 1 0 0 0 0
211 1068 2479 1 0 0 0 0 0 1 0 0 0 0 0
152 722 2601 0 44 0 0 0 44 0 0 0 0 0 0
311 4886 3037 0 0 0 0 0 0 0 0 0 0 0 0
256 2372 2307 0 1 0 0 0 0 0 1 0 0 0 0
227 1324 2622 0 0 0 0 0 0 0 0 0 0 0 0
52 319 918 0 0 0 0 0 0 0 0 0 0 0 0
127 951 2497 0 2 0 0 0 0 0 2 0 0 0 0
169 5624 4279 0 0 0 0 0 0 0 0 0 0 0 0
155 1989 2928 0 0 0 0 0 0 0 0 0 0 0 0
522 6847 3494 0 1 0 0 0 0 0 1 0 0 0 0
154 2044 2152 0 0 0 0 0 0 0 0 0 0 0 0
223 1669 10034 0 0 0 0 0 0 0 0 0 0 0 0
232 2882 1377 0 0 0 0 0 0 0 0 0 0 0 0
354 9034 12356 0 0 1 0 0 0 0 0 0 0 0 0
14 355 795 0 0 0 0 0 0 0 0 0 0 0 0
191 1809 1681 0 0 0 0 0 0 0 0 0 0 0 0
158 1557 5335 0 0 0 0 0 0 0 0 0 0 0 0
247 2121 4884 1 0 0 0 0 0 1 0 0 0 0 0
307 2030 3994 0 1 0 0 0 0 0 1 0 0 0 0
266 6165 4516 0 0 0 0 0 0 0 0 0 0 0 0
234 5762 5454 0 0 0 0 0 0 0 0 0 0 0 0
291 13259 16807 1 2 0 0 0 0 1 2 0 0 0 0
258 28087 18857 0 1 0 0 0 0 0 1 0 0 0 0
196 2182 3013 0 1 0 2 0 0 0 1 0 0 0 0
201 12964 16033 0 0 1 0 0 0 0 0 0 0 0 0
188 2110 2314 0 0 0 2 0 0 0 0 0 0 0 0
261 2966 8523 0 1 0 0 0 0 0 1 0 0 0 0
226 3600 5723 0 0 0 0 0 0 0 0 0 0 0 0
195 2945 4458 1 2 0 2 0 0 1 2 0 0 0 0
285 3388 10389 1 24 0 0 0 0 1 24 0 0 0 0
140 840 2888 0 0 0 0 0 0 0 0 0 0 0 0
146 1549 2566 1 2 0 0 1 1 0 1 0 0 0 0
244 1866 5639 0 0 0 2 0 0 0 0 0 0 0 0
645 2879 2735 0 0 0 0 0 0 0 0 0 0 0 0
226 1395 3499 2 1 0 0 0 0 2 1 0 0 0 0
137 2069 1712 0 0 0 0 0 0 0 0 0 0 0 0
117 1416 1926 0 0 0 0 0 0 0 0 0 0 0 0
266 3184 4996 0 0 0 0 0 0 0 0 0 0 0 0
167 1960 2234 5 2 0 0 2 0 3 2 0 0 0 0
219 1120 2222 2 1 0 0 2 0 0 1 0 0 0 0
168 1316 3132 0 0 0 0 0 0 0 0 0 0 0 0
177 1354 2226 0 0 0 0 0 0 0 0 0 0 0 0
198 6681 4166 0 3 0 0 0 0 0 3 0 0 0 0
124 9224 2603 2 2 0 0 0 0 2 2 0 0 0 0
268 17402 2341 2 8 0 0 0 0 2 8 0 0 0 0
151 1202 3167 0 1 0 0 0 0 0 1 0 0 0 0
236 1818 3762 0 5 0 0 0 0 0 5 0 0 0 0
194 1202 4419 0 0 0 0 0 0 0 0 0 0 0 0
165 1872 3296 0 1 0 0 0 0 0 1 0 0 0 0
342 15348 5472 2 2 0 0 0 0 2 2 0 0 0 0
194 1841 3923 0 8 1 0 0 0 0 8 0 0 0 0
300 4084 4476 0 5 0 1 0 0 0 5 0 0 0 0
267 2006 3338 0 0 0 0 0 0 0 0 0 0 0 0
229 2005 4971 0 0 0 0 0 0 0 0 0 0 0 0
145 1172 2372 0 1 0 1 0 0 0 1 0 0 0 0
159 1015 6953 0 7 0 0 0 0 0 7 0 0 0 0
151 1342 2637 0 1 0 0 0 0 0 1 0 0 0 0
189 2027 3762 1 4 0 0 0 0 1 4 0 0 0 0
184 2118 3343 1 0 0 0 0 0 1 0 0 0 0 0
178 4793 6173 1 1 0 0 0 0 1 1 0 0 0 0
252 1901 5973 0 8 0 0 0 0 0 8 0 0 0 0
165 2084 5303 0 0 0 0 0 0 0 0 0 0 0 0
191 2724 4197 0 0 0 0 0 0 0 0 0 0 0 0
143 631 3627 0 2 1 2 0 0 0 2 0 0 0 0
174 5788 3269 2 0 2 80 2 0 0 0 0 0 0 0
162 1292 3346 0 2 0 0 0 0 0 2 0 0 0 0
157 1068 2427 0 46 0 0 0 41 0 5 0 0 0 0
188 1609 2284 0 0 0 0 0 0 0 0 0 0 0 0
219 1327 2017 0 0 0 0 0 0 0 0 0 0 0 0
235 3140 6007 0 0 0 0 0 0 0 0 0 0 0 0
163 2270 2276 0 0 0 0 0 0 0 0 0 0 0 0
224 3272 4541 0 0 0 0 0 0 0 0 0 0 0 0
219 3106 5006 0 0 0 0 0 0 0 0 0 0 0 0
138 934 2513 0 0 0 0 0 0 0 0 0 0 0 0
155 1430 2714 0 0 0 0 0 0 0 0 0 0 0 0
165 2016 3152 0 0 0 0 0 0 0 0 0 0 0 0
101 1535 2270 0 0 0 0 0 0 0 0 0 0 0 0
124 1494 1974 0 0 0 0 0 0 0 0 0 0 0 0
147 1539 2543 0 0 0 0 0 0 0 0 0 0 0 0
158 2076 3998 0 0 0 0 0 0 0 0 0 0 0 0
200 5021 10443 0 0 0 0 0 0 0 0 0 0 0 0
242 6637 22913 0 0 0 0 0 0 0 0 0 0 0 0
102 8283 7134 0 0 0 0 0 0 0 0 0 0 0 0
177 2208 9865 0 0 0 0 0 0 0 0 0 0 0 0
181 3942 1448 0 0 0 0 0 0 0 0 0 0 0 0
137 3894 2370 0 0 0 0 0 0 0 0 0 0 0 0
125 681 1345 0 0 0 0 0 0 0 0 0 0 0 0
242 1364 16646 0 0 0 0 0 0 0 0 0 0 0 0
95 1070 2284 0 0 0 0 0 0 0 0 0 0 0 0
90 855 1533 0 0 0 0 0 0 0 0 0 0 0 0
77 997 1314 0 0 0 0 0 0 0 0 0 0 0 0
96 1059 2192 0 0 0 0 0 0 0 0 0 0 0 0
85 1346 2100 0 0 0 0 0 0 0 0 0 0 0 0
64 1435 1456 0 0 0 0 0 0 0 0 0 0 0 0
86 700 1362 0 0 0 0 0 0 0 0 0 0 0 0
251 751 2415 0 0 0 0 0 0 0 0 0 0 0 0
106 262 988 0 0 0 0 0 0 0 0 0 0 0 0
79 659 1750 0 0 0 0 0 0 0 0 0 0 0 0
233 949 1547 0 0 0 0 0 0 0 0 0 0 0 0
105 724 1890 0 0 0 0 0 0 0 0 0 0 0 0
69 447 898 0 0 0 0 0 0 0 0 0 0 0 0
59 244 1091 0 0 0 0 0 0 0 0 0 0 0 0
38 104 425 0 0 0 0 0 0 0 0 0 0 0 0
196 3577 1476 0 0 0 0 0 0 0 0 0 0 0 0
241 1212 5790 0 0 0 0 0 0 0 0 0 0 0 0
209 2774 1123 0 0 0 0 0 0 0 0 0 0 0 0
80 942 2372 0 0 0 0 0 0 0 0 0 0 0 0
311 36543 1187 0 0 0 0 0 0 0 0 0 0 0 0
193 617 2977 0 0 0 0 0 0 0 0 0 0 0 0
80 1024 854 0 0 0 0 0 0 0 0 0 0 0 0
62 630 546 0 0 0 0 0 0 0 0 0 0 0 0
64 681 874 0 0 0 0 0 0 0 0 0 0 0 0
122 665 2699 0 0 0 0 0 0 0 0 0 0 0 0
105 1628 934 0 0 0 0 0 0 0 0 0 0 0 0
97 843 1810 0 0 0 0 0 0 0 0 0 0 0 0
82 112 3962 0 0 0 0 0 0 0 0 0 0 0 0
70 267 707 0 0 0 0 0 0 0 0 0 0 0 0
85 1050 1257 0 0 0 0 0 0 0 0 0 0 0 0
94 949 1425 0 0 0 0 0 0 0 0 0 0 0 0
75 371 1296 0 0 0 0 0 0 0 0 0 0 0 0
333 888 37239 0 0 0 0 0 0 0 0 0 0 0 0
84 419 3162 0 0 0 0 0 0 0 0 0 0 0 0
