30455 477 349 128 0
30442 477 349 128 0
30437 477 349 128 0
30344 477 349 128 0
30298 477 349 128 0
30108 477 349 128 0
29894 477 349 128 0
29513 477 349 128 0
30335 477 349 128 0
28081 475 349 126 0
28081 475 349 126 0
28077 475 349 126 0
28077 475 349 126 0
28077 475 349 126 0
28077 475 349 126 0
28072 475 349 126 0
28076 475 349 126 0
27869 475 349 126 0
27873 472 346 126 0
27869 475 349 126 0
27893 474 351 123 0
27897 474 351 123 0
27895 474 351 123 0
27895 474 351 123 0
27874 474 351 123 0
27862 474 351 123 0
27846 474 351 123 0
27845 474 351 123 0
27862 474 351 123 0
27828 474 351 123 0
27832 474 351 123 0
27830 474 351 123 0
27809 474 351 123 0
27797 474 351 123 0
27795 474 351 123 0
27793 474 351 123 0
27737 472 349 123 0
27700 471 349 122 0
27795 474 351 123 0
27092 457 349 108 0
27092 457 349 108 0
27092 457 349 108 0
27071 457 349 108 0
27071 457 349 108 0
27071 457 349 108 0
27737 472 349 123 0
27060 457 349 108 0
27057 457 349 108 0
27046 457 349 108 0
27030 457 349 108 0
27057 457 349 108 0
27155 456 350 106 0
27155 456 350 106 0
27167 456 350 106 0
27155 455 350 105 0
27152 455 350 105 0
27151 455 350 105 0
27150 455 350 105 0
27177 456 350 106 0
27177 456 350 106 0
27176 456 350 106 0
27155 456 350 106 0
27155 456 350 106 0
27102 455 350 105 0
27084 455 350 105 0
27082 455 350 105 0
27082 455 350 105 0
27108 455 350 105 0
27098 455 350 105 0
25298 411 305 106 0
25298 411 305 106 0
25305 411 305 106 0
25301 411 305 106 0
25301 411 305 106 0
25303 411 305 106 0
25340 411 305 106 0
25309 411 305 106 0
25299 411 305 106 0
25298 411 305 106 0
25141 406 302 104 0
25625 405 302 103 0
25600 405 302 103 0
25600 405 302 103 0
25435 404 302 102 0
25621 405 302 103 0
25278 411 303 108 0
25278 411 303 108 0
25179 408 302 106 0
25166 407 302 105 0
25165 407 302 105 0
25135 407 302 105 0
25131 407 302 105 0
25041 407 302 105 0
25314 411 303 108 0
25025 407 302 105 0
24919 405 302 103 0
25071 394 299 95 0
25071 394 299 95 0
21191 339 259 80 0
21197 339 259 80 0
21178 339 259 80 0
21167 339 259 80 0
21151 339 259 80 0
21101 334 257 77 0
21087 337 257 80 0
21072 338 257 81 0
21301 342 260 82 0
21262 342 260 82 0
21262 342 260 82 0
21207 339 259 80 0
20776 335 257 78 0
20776 335 257 78 0
20939 335 260 75 0
20932 335 260 75 0
20932 335 260 75 0
20927 333 258 75 0
20917 333 258 75 0
20830 331 258 73 0
20822 331 258 73 0
20715 331 259 72 0
20997 335 260 75 0
20974 335 260 75 0
20974 335 260 75 0
20966 335 260 75 0
20965 335 260 75 0
20618 331 259 72 0
20093 330 259 71 0
19479 306 239 67 0
19479 306 239 67 0
19454 305 239 66 0
19424 305 239 66 0
19421 305 239 66 0
19308 305 239 66 0
18852 305 239 66 0
18768 301 235 66 0
19488 306 239 67 0
19481 306 239 67 0
19481 306 239 67 0
18627 301 238 63 0
18627 301 238 63 0
19008 324 254 70 0
18964 324 254 70 0
18809 324 254 70 0
18790 323 253 70 0
18677 330 262 68 0
18216 328 260 68 0
17914 321 256 65 0
18438 321 256 65 0
19067 325 254 71 0
19045 324 254 70 0
19026 324 254 70 0
18318 321 256 65 0
18287 321 256 65 0
18311 321 256 65 0
16032 305 242 63 0
15951 304 241 63 0
15725 301 239 62 0
14419 298 236 62 0
14365 295 233 62 0
14307 295 233 62 0
14017 294 232 62 0
14310 295 233 62 0
14883 225 164 61 0
15233 225 164 61 0
15219 224 163 61 0
15074 223 162 61 0
15074 223 162 61 0
14661 224 163 61 0
14658 224 163 61 0
14673 224 163 61 0
15714 256 195 61 0
15681 256 195 61 0
15681 256 195 61 0
15594 258 197 61 0
15539 257 196 61 0
15546 257 196 61 0
15303 257 196 61 0
15060 258 196 62 0
14900 258 196 62 0
15088 258 196 62 0
15239 270 204 66 0
15241 270 204 66 0
15230 270 204 66 0
14874 270 204 66 0
14871 270 204 66 0
14869 270 204 66 0
14864 270 204 66 0
14787 269 204 65 0
14648 269 204 65 0
14418 264 200 64 0
14368 263 199 64 0
14845 270 204 66 0
0 84 38 42 4
0 84 38 42 4
0 84 38 42 4
0 84 38 42 4
0 84 38 42 4
0 78 38 36 4
0 78 38 36 4
0 78 38 36 4
0 77 38 35 4
0 78 38 36 4
0 78 38 36 4
14004 354 283 68 3
14004 354 283 68 3
13991 354 283 68 3
13990 354 283 68 3
13942 354 283 68 3
13942 354 283 68 3
13942 354 283 68 3
13919 354 283 68 3
13858 354 283 68 3
0 77 38 35 4
0 77 38 35 4
12792 343 274 66 3
12786 343 274 66 3
12788 343 274 66 3
12788 343 274 66 3
12725 343 274 66 3
12708 317 250 64 3
12643 313 250 60 3
12708 313 250 60 3
0 77 38 35 4
12494 313 250 60 3
12490 313 250 60 3
12435 313 250 60 3
12435 313 250 60 3
12416 314 250 61 3
0 77 38 35 4
0 77 38 35 4
12194 310 246 61 3
12134 310 246 61 3
12129 310 246 61 3
12129 310 246 61 3
12125 310 246 61 3
0 77 37 35 5
0 77 37 35 5
12211 307 243 61 3
12151 307 243 61 3
10463 317 248 65 4
12129 306 242 61 3
0 60 12 48 0
12223 319 249 67 3
0 82 17 61 4
0 82 17 61 4
0 82 17 61 4
0 82 17 61 4
0 82 17 61 4
0 81 17 60 4
0 81 17 60 4
0 82 17 61 4
0 81 17 60 4
20932 335 260 75 0
