13804 418 242 176 0
13779 418 242 176 0
13837 420 244 176 0
13824 420 244 176 0
13735 425 249 176 0
13670 425 249 176 0
13659 425 249 176 0
13453 427 249 178 0
13442 427 249 178 0
13387 428 249 178 1
12861 393 225 168 0
12880 393 225 168 0
12870 391 225 166 0
12949 391 225 166 0
12948 391 225 166 0
12966 391 225 166 0
12962 391 225 166 0
12959 391 225 166 0
12948 391 225 166 0
12763 391 225 166 0
12758 391 225 166 0
12702 388 223 165 0
13044 405 237 168 0
12592 388 224 164 0
12593 387 224 163 0
12546 387 224 163 0
12421 387 224 163 0
12456 380 222 158 0
13167 393 235 158 0
12859 380 229 151 0
12816 380 229 151 0
12801 380 229 151 0
12766 389 238 151 0
12932 389 238 151 0
12847 389 238 151 0
12758 389 238 151 0
12731 389 238 151 0
12987 390 239 151 0
13014 390 239 151 0
12837 390 239 151 0
12965 390 239 151 0
13001 393 239 151 3
12871 393 239 151 3
11883 371 228 140 3
11701 371 228 140 3
11758 371 228 140 3
11697 368 225 140 3
12197 368 225 140 3
12852 364 221 140 3
12798 364 221 140 3
12461 355 212 140 3
12453 355 212 140 3
13041 376 222 151 3
11564 355 212 140 3
11295 365 211 151 3
11373 365 211 151 3
11018 361 209 150 2
11514 390 226 162 2
11032 363 210 151 2
10721 360 208 150 2
10456 350 205 143 2
10413 350 205 143 2
10336 354 208 144 2
10128 351 206 143 2
10012 351 206 143 2
9880 353 206 145 2
9710 353 206 145 2
9559 351 204 145 2
9357 350 204 144 2
8877 339 195 142 2
8309 309 178 129 2
8221 307 176 129 2
8636 337 193 142 2
8103 307 176 129 2
6013 306 175 129 2
6034 306 175 129 2
6037 306 175 129 2
5978 309 178 129 2
5930 293 161 130 2
5924 293 161 130 2
5774 288 156 130 2
5638 288 156 130 2
5220 139 77 60 2
4547 99 53 44 2
4410 95 49 44 2
4730 119 73 44 2
4453 95 49 44 2
4305 95 49 44 2
4276 94 48 44 2
4138 83 38 43 2
3736 57 16 41 0
3490 35 0 35 0
3092 35 0 35 0
2719 80 64 16 0
1455 16 0 16 0
