355 1969 9438 0 0 0 27 0 0 0 0 0 0 0 0
246 1644 3416 2 9 1 1 1 0 1 9 0 0 0 0
674 25513 40584 0 0 10 1 0 0 0 0 0 0 0 0
161 1681 2665 0 0 3 2 0 0 0 0 0 0 0 0
152 670 4259 1 1 0 0 1 0 0 1 0 0 0 0
196 5127 11491 0 0 0 0 0 0 0 0 0 0 0 0
109 802 1652 2 9 0 0 0 0 2 9 0 0 0 0
190 1651 4868 0 2 0 0 0 0 0 2 0 0 0 0
333 1539 42792 0 16 0 0 0 0 0 16 0 0 0 0
121 1432 1907 3 216 6 28 0 202 3 14 0 0 0 0
153 1519 3745 1 0 2 0 0 0 1 0 0 0 0 0
220 672 3668 0 1 0 0 0 0 0 1 0 0 0 0
186 1039 5659 0 3 0 1 0 0 0 3 0 0 0 0
272 3946 3385 9 25 0 0 1 0 8 25 0 0 0 0
165 1705 4640 0 0 0 0 0 0 0 0 0 0 0 0
127 2108 3603 3 2 0 0 2 0 1 2 0 0 0 0
98 645 698 1 0 2 1 1 0 0 0 0 0 0 0
255 2470 3739 1 0 0 0 1 0 0 0 0 0 0 0
906 49288 6063 4 2 0 0 3 0 1 2 0 0 0 0
251 3051 13926 1 0 0 0 1 0 0 0 0 0 0 0
393 8844 12847 0 1 12 0 0 0 0 1 0 0 0 0
195 5026 4735 6 3 2 0 2 0 4 3 0 0 0 0
1705 42980 4546 1 2 0 0 1 0 0 2 0 0 0 0
81 469 841 1 0 0 0 1 0 0 0 0 0 0 0
161 2333 1798 0 0 0 0 0 0 0 0 0 0 0 0
623 23725 5181 0 3 0 0 0 0 0 3 0 0 0 0
517 34892 17972 0 1 0 0 0 0 0 1 0 0 0 0
638 17649 15585 4 21 22 0 1 0 3 21 0 0 0 0
371 23453 24848 0 1 0 0 0 0 0 1 0 0 0 0
251 2380 3429 0 0 1 0 0 0 0 0 0 0 0 0
224 999 2796 1 0 0 0 1 0 0 0 0 0 0 0
241 1520 7003 0 3 0 0 0 0 0 3 0 0 0 0
209 1386 6818 2 0 0 0 2 0 0 0 0 0 0 0
178 1535 3162 1 3 3 0 0 0 1 3 0 0 0 0
225 87798 1619 5 1 0 1 2 0 3 1 0 0 0 0
134 799 2004 1 4 0 0 1 0 0 4 0 0 0 0
1382 1728 124071 6 3 0 0 3 0 3 3 0 0 0 0
173 482 2421 6 7 1 0 2 0 4 7 0 0 0 0
214 2141 3092 3 211 0 0 3 198 0 13 0 0 0 0
219 9603 6622 2 9 0 0 1 0 1 9 0 0 0 0
287 7677 3441 6 1 0 0 2 0 4 1 0 0 0 0
340 3274 12070 0 1 0 1 0 0 0 1 0 0 0 0
124 877 1311 0 13 0 0 0 10 0 3 0 0 0 0
110 5944 1258 4 0 0 0 4 0 0 0 0 0 0 0
261 2330 15421 1 5 1 0 1 1 0 4 0 0 0 0
785 14750 18800 8 3 0 0 8 0 0 3 0 0 0 0
1730 204593 6147 2 2 0 0 2 0 0 2 0 0 0 0
1913 17536 183446 0 7 0 0 0 1 0 6 0 0 0 0
471 7698 23728 1 1 0 0 1 0 0 1 0 0 0 0
816 7870 59558 4 2 0 0 4 0 0 2 0 0 0 0
177 2077 5021 0 1 0 0 0 0 0 1 0 0 0 0
